# JRE version: OpenJDK Runtime Environment (11.0.12+7) (build 11.0.12+7-b1504.28-7817840)
# Java VM: OpenJDK 64-Bit Server VM (11.0.12+7-b1504.28-7817840, mixed mode, tiered, compressed oops, g1 gc, windows-amd64)
Heap:
 garbage-first heap   total 187392K, used 58897K [0x0000000080000000, 0x0000000100000000)
  region size 1024K, 7 young (7168K), 7 survivors (7168K)
 Metaspace       used 72695K, capacity 74578K, committed 74624K, reserved 1124352K
  class space    used 9418K, capacity 10102K, committed 10112K, reserved 1048576K
GC Heap History (20 events):
Event: 3.980 GC heap after
{Heap after GC invocations=4 (full 0):
 garbage-first heap   total 129024K, used 16456K [0x0000000080000000, 0x0000000100000000)
  region size 1024K, 6 young (6144K), 6 survivors (6144K)
 Metaspace       used 17653K, capacity 17971K, committed 18176K, reserved 1064960K
  class space    used 2085K, capacity 2209K, committed 2304K, reserved 1048576K
}
Event: 4.449 GC heap before
{Heap before GC invocations=4 (full 0):
 garbage-first heap   total 129024K, used 44104K [0x0000000080000000, 0x0000000100000000)
  region size 1024K, 34 young (34816K), 6 survivors (6144K)
 Metaspace       used 20745K, capacity 21138K, committed 21248K, reserved 1067008K
  class space    used 2549K, capacity 2711K, committed 2816K, reserved 1048576K
}
Event: 4.458 GC heap after
{Heap after GC invocations=5 (full 0):
 garbage-first heap   total 129024K, used 17688K [0x0000000080000000, 0x0000000100000000)
  region size 1024K, 7 young (7168K), 7 survivors (7168K)
 Metaspace       used 20745K, capacity 21138K, committed 21248K, reserved 1067008K
  class space    used 2549K, capacity 2711K, committed 2816K, reserved 1048576K
}
Event: 5.708 GC heap before
{Heap before GC invocations=6 (full 0):
 garbage-first heap   total 129024K, used 69912K [0x0000000080000000, 0x0000000100000000)
  region size 1024K, 58 young (59392K), 7 survivors (7168K)
 Metaspace       used 26170K, capacity 26689K, committed 27008K, reserved 1073152K
  class space    used 3393K, capacity 3588K, committed 3712K, reserved 1048576K
}
Event: 5.718 GC heap after
{Heap after GC invocations=7 (full 0):
 garbage-first heap   total 129024K, used 19452K [0x0000000080000000, 0x0000000100000000)
  region size 1024K, 3 young (3072K), 3 survivors (3072K)
 Metaspace       used 26170K, capacity 26689K, committed 27008K, reserved 1073152K
  class space    used 3393K, capacity 3588K, committed 3712K, reserved 1048576K
}
Event: 7.112 GC heap before
{Heap before GC invocations=7 (full 0):
 garbage-first heap   total 129024K, used 80892K [0x0000000080000000, 0x0000000100000000)
  region size 1024K, 64 young (65536K), 3 survivors (3072K)
 Metaspace       used 34905K, capacity 35722K, committed 35840K, reserved 1081344K
  class space    used 4532K, capacity 4839K, committed 4864K, reserved 1048576K
}
Event: 7.136 GC heap after
{Heap after GC invocations=8 (full 0):
 garbage-first heap   total 155648K, used 22524K [0x0000000080000000, 0x0000000100000000)
  region size 1024K, 6 young (6144K), 6 survivors (6144K)
 Metaspace       used 34905K, capacity 35722K, committed 35840K, reserved 1081344K
  class space    used 4532K, capacity 4839K, committed 4864K, reserved 1048576K
}
Event: 8.559 GC heap before
{Heap before GC invocations=9 (full 0):
 garbage-first heap   total 155648K, used 96252K [0x0000000080000000, 0x0000000100000000)
  region size 1024K, 76 young (77824K), 6 survivors (6144K)
 Metaspace       used 40186K, capacity 41146K, committed 41344K, reserved 1085440K
  class space    used 5137K, capacity 5471K, committed 5504K, reserved 1048576K
}
Event: 8.579 GC heap after
{Heap after GC invocations=10 (full 0):
 garbage-first heap   total 155648K, used 28087K [0x0000000080000000, 0x0000000100000000)
  region size 1024K, 9 young (9216K), 9 survivors (9216K)
 Metaspace       used 40186K, capacity 41146K, committed 41344K, reserved 1085440K
  class space    used 5137K, capacity 5471K, committed 5504K, reserved 1048576K
}
Event: 9.844 GC heap before
{Heap before GC invocations=10 (full 0):
 garbage-first heap   total 155648K, used 103863K [0x0000000080000000, 0x0000000100000000)
  region size 1024K, 82 young (83968K), 9 survivors (9216K)
 Metaspace       used 46742K, capacity 48069K, committed 48256K, reserved 1091584K
  class space    used 6026K, capacity 6450K, committed 6528K, reserved 1048576K
}
Event: 9.863 GC heap after
{Heap after GC invocations=11 (full 0):
 garbage-first heap   total 155648K, used 30993K [0x0000000080000000, 0x0000000100000000)
  region size 1024K, 9 young (9216K), 9 survivors (9216K)
 Metaspace       used 46742K, capacity 48069K, committed 48256K, reserved 1091584K
  class space    used 6026K, capacity 6450K, committed 6528K, reserved 1048576K
}
Event: 11.986 GC heap before
{Heap before GC invocations=11 (full 0):
 garbage-first heap   total 155648K, used 113937K [0x0000000080000000, 0x0000000100000000)
  region size 1024K, 86 young (88064K), 9 survivors (9216K)
 Metaspace       used 51619K, capacity 53166K, committed 53248K, reserved 1095680K
  class space    used 6599K, capacity 7133K, committed 7168K, reserved 1048576K
}
Event: 12.008 GC heap after
{Heap after GC invocations=12 (full 0):
 garbage-first heap   total 155648K, used 44173K [0x0000000080000000, 0x0000000100000000)
  region size 1024K, 11 young (11264K), 11 survivors (11264K)
 Metaspace       used 51619K, capacity 53166K, committed 53248K, reserved 1095680K
  class space    used 6599K, capacity 7133K, committed 7168K, reserved 1048576K
}
Event: 13.095 GC heap before
{Heap before GC invocations=12 (full 0):
 garbage-first heap   total 155648K, used 87181K [0x0000000080000000, 0x0000000100000000)
  region size 1024K, 54 young (55296K), 11 survivors (11264K)
 Metaspace       used 58349K, capacity 59878K, committed 59904K, reserved 1101824K
  class space    used 7364K, capacity 7915K, committed 7936K, reserved 1048576K
}
Event: 13.125 GC heap after
{Heap after GC invocations=13 (full 0):
 garbage-first heap   total 187392K, used 47276K [0x0000000080000000, 0x0000000100000000)
  region size 1024K, 3 young (3072K), 3 survivors (3072K)
 Metaspace       used 58349K, capacity 59878K, committed 59904K, reserved 1101824K
  class space    used 7364K, capacity 7915K, committed 7936K, reserved 1048576K
}
Event: 14.877 GC heap before
{Heap before GC invocations=14 (full 0):
 garbage-first heap   total 187392K, used 117932K [0x0000000080000000, 0x0000000100000000)
  region size 1024K, 73 young (74752K), 3 survivors (3072K)
 Metaspace       used 65684K, capacity 67388K, committed 67584K, reserved 1107968K
  class space    used 8311K, capacity 8937K, committed 8960K, reserved 1048576K
}
Event: 14.891 GC heap after
{Heap after GC invocations=15 (full 0):
 garbage-first heap   total 187392K, used 52157K [0x0000000080000000, 0x0000000100000000)
  region size 1024K, 8 young (8192K), 8 survivors (8192K)
 Metaspace       used 65684K, capacity 67388K, committed 67584K, reserved 1107968K
  class space    used 8311K, capacity 8937K, committed 8960K, reserved 1048576K
}
Event: 16.297 GC heap before
{Heap before GC invocations=16 (full 0):
 garbage-first heap   total 187392K, used 124861K [0x0000000080000000, 0x0000000100000000)
  region size 1024K, 79 young (80896K), 8 survivors (8192K)
 Metaspace       used 70426K, capacity 72205K, committed 72320K, reserved 1112064K
  class space    used 9094K, capacity 9750K, committed 9856K, reserved 1048576K
}
Event: 16.317 GC heap after
{Heap after GC invocations=17 (full 0):
 garbage-first heap   total 187392K, used 57175K [0x0000000080000000, 0x0000000100000000)
  region size 1024K, 6 young (6144K), 6 survivors (6144K)
 Metaspace       used 70426K, capacity 72205K, committed 72320K, reserved 1112064K
  class space    used 9094K, capacity 9750K, committed 9856K, reserved 1048576K
}
Event: 16.862 GC heap before
{Heap before GC invocations=17 (full 0):
 garbage-first heap   total 187392K, used 79703K [0x0000000080000000, 0x0000000100000000)
  region size 1024K, 29 young (29696K), 6 survivors (6144K)
 Metaspace       used 72695K, capacity 74578K, committed 74624K, reserved 1122304K
  class space    used 9418K, capacity 10102K, committed 10112K, reserved 1048576K
}

