# JRE version: OpenJDK Runtime Environment (11.0.12+7) (build 11.0.12+7-b1504.28-7817840)
# Java VM: OpenJDK 64-Bit Server VM (11.0.12+7-b1504.28-7817840, mixed mode, tiered, compressed oops, g1 gc, windows-amd64)
Heap:
 garbage-first heap   total 390144K, used 318532K [0x0000000080000000, 0x0000000100000000)
  region size 1024K, 23 young (23552K), 4 survivors (4096K)
 Metaspace       used 165672K, capacity 170044K, committed 170188K, reserved 1198080K
  class space    used 19819K, capacity 21414K, committed 21452K, reserved 1048576K
GC Heap History (20 events):
Event: 1968.115 GC heap before
{Heap before GC invocations=182 (full 0):
 garbage-first heap   total 390144K, used 337530K [0x0000000080000000, 0x0000000100000000)
  region size 1024K, 59 young (60416K), 8 survivors (8192K)
 Metaspace       used 163228K, capacity 167413K, committed 167500K, reserved 1196032K
  class space    used 19523K, capacity 21044K, committed 21068K, reserved 1048576K
}
Event: 1968.135 GC heap after
{Heap after GC invocations=183 (full 0):
 garbage-first heap   total 390144K, used 286636K [0x0000000080000000, 0x0000000100000000)
  region size 1024K, 3 young (3072K), 3 survivors (3072K)
 Metaspace       used 163228K, capacity 167413K, committed 167500K, reserved 1196032K
  class space    used 19523K, capacity 21044K, committed 21068K, reserved 1048576K
}
Event: 1970.221 GC heap before
{Heap before GC invocations=183 (full 0):
 garbage-first heap   total 390144K, used 337836K [0x0000000080000000, 0x0000000100000000)
  region size 1024K, 54 young (55296K), 3 survivors (3072K)
 Metaspace       used 163241K, capacity 167419K, committed 167500K, reserved 1196032K
  class space    used 19524K, capacity 21045K, committed 21068K, reserved 1048576K
}
Event: 1970.231 GC heap after
{Heap after GC invocations=184 (full 0):
 garbage-first heap   total 390144K, used 287839K [0x0000000080000000, 0x0000000100000000)
  region size 1024K, 5 young (5120K), 5 survivors (5120K)
 Metaspace       used 163241K, capacity 167419K, committed 167500K, reserved 1196032K
  class space    used 19524K, capacity 21045K, committed 21068K, reserved 1048576K
}
Event: 1972.021 GC heap before
{Heap before GC invocations=184 (full 0):
 garbage-first heap   total 390144K, used 338015K [0x0000000080000000, 0x0000000100000000)
  region size 1024K, 55 young (56320K), 5 survivors (5120K)
 Metaspace       used 163241K, capacity 167419K, committed 167500K, reserved 1196032K
  class space    used 19524K, capacity 21045K, committed 21068K, reserved 1048576K
}
Event: 1972.032 GC heap after
{Heap after GC invocations=185 (full 0):
 garbage-first heap   total 390144K, used 288281K [0x0000000080000000, 0x0000000100000000)
  region size 1024K, 4 young (4096K), 4 survivors (4096K)
 Metaspace       used 163241K, capacity 167419K, committed 167500K, reserved 1196032K
  class space    used 19524K, capacity 21045K, committed 21068K, reserved 1048576K
}
Event: 1973.169 GC heap before
{Heap before GC invocations=185 (full 0):
 garbage-first heap   total 390144K, used 340505K [0x0000000080000000, 0x0000000100000000)
  region size 1024K, 54 young (55296K), 4 survivors (4096K)
 Metaspace       used 163623K, capacity 167830K, committed 168140K, reserved 1196032K
  class space    used 19573K, capacity 21131K, committed 21196K, reserved 1048576K
}
Event: 1973.184 GC heap after
{Heap after GC invocations=186 (full 0):
 garbage-first heap   total 390144K, used 293835K [0x0000000080000000, 0x0000000100000000)
  region size 1024K, 7 young (7168K), 7 survivors (7168K)
 Metaspace       used 163623K, capacity 167830K, committed 168140K, reserved 1196032K
  class space    used 19573K, capacity 21131K, committed 21196K, reserved 1048576K
}
Event: 1975.836 GC heap before
{Heap before GC invocations=186 (full 0):
 garbage-first heap   total 390144K, used 339915K [0x0000000080000000, 0x0000000100000000)
  region size 1024K, 51 young (52224K), 7 survivors (7168K)
 Metaspace       used 164082K, capacity 168383K, committed 168524K, reserved 1196032K
  class space    used 19630K, capacity 21223K, committed 21324K, reserved 1048576K
}
Event: 1975.849 GC heap after
{Heap after GC invocations=187 (full 0):
 garbage-first heap   total 390144K, used 292198K [0x0000000080000000, 0x0000000100000000)
  region size 1024K, 1 young (1024K), 1 survivors (1024K)
 Metaspace       used 164082K, capacity 168383K, committed 168524K, reserved 1196032K
  class space    used 19630K, capacity 21223K, committed 21324K, reserved 1048576K
}
Event: 3459.736 GC heap before
{Heap before GC invocations=187 (full 0):
 garbage-first heap   total 390144K, used 352614K [0x0000000080000000, 0x0000000100000000)
  region size 1024K, 46 young (47104K), 1 survivors (1024K)
 Metaspace       used 164951K, capacity 169254K, committed 169420K, reserved 1198080K
  class space    used 19746K, capacity 21321K, committed 21452K, reserved 1048576K
}
Event: 3459.763 GC heap after
{Heap after GC invocations=188 (full 0):
 garbage-first heap   total 390144K, used 291938K [0x0000000080000000, 0x0000000100000000)
  region size 1024K, 1 young (1024K), 1 survivors (1024K)
 Metaspace       used 164951K, capacity 169254K, committed 169420K, reserved 1198080K
  class space    used 19746K, capacity 21321K, committed 21452K, reserved 1048576K
}
Event: 6394.907 GC heap before
{Heap before GC invocations=188 (full 0):
 garbage-first heap   total 390144K, used 340066K [0x0000000080000000, 0x0000000100000000)
  region size 1024K, 48 young (49152K), 1 survivors (1024K)
 Metaspace       used 164971K, capacity 169318K, committed 169676K, reserved 1198080K
  class space    used 19746K, capacity 21321K, committed 21452K, reserved 1048576K
}
Event: 6394.921 GC heap after
{Heap after GC invocations=189 (full 0):
 garbage-first heap   total 390144K, used 291778K [0x0000000080000000, 0x0000000100000000)
  region size 1024K, 1 young (1024K), 1 survivors (1024K)
 Metaspace       used 164971K, capacity 169318K, committed 169676K, reserved 1198080K
  class space    used 19746K, capacity 21321K, committed 21452K, reserved 1048576K
}
Event: 8831.564 GC heap before
{Heap before GC invocations=189 (full 0):
 garbage-first heap   total 390144K, used 339906K [0x0000000080000000, 0x0000000100000000)
  region size 1024K, 48 young (49152K), 1 survivors (1024K)
 Metaspace       used 164971K, capacity 169318K, committed 169676K, reserved 1198080K
  class space    used 19746K, capacity 21321K, committed 21452K, reserved 1048576K
}
Event: 8831.568 GC heap after
{Heap after GC invocations=190 (full 0):
 garbage-first heap   total 390144K, used 291731K [0x0000000080000000, 0x0000000100000000)
  region size 1024K, 1 young (1024K), 1 survivors (1024K)
 Metaspace       used 164971K, capacity 169318K, committed 169676K, reserved 1198080K
  class space    used 19746K, capacity 21321K, committed 21452K, reserved 1048576K
}
Event: 9123.758 GC heap before
{Heap before GC invocations=190 (full 0):
 garbage-first heap   total 390144K, used 339859K [0x0000000080000000, 0x0000000100000000)
  region size 1024K, 49 young (50176K), 1 survivors (1024K)
 Metaspace       used 165486K, capacity 169843K, committed 169932K, reserved 1198080K
  class space    used 19806K, capacity 21398K, committed 21452K, reserved 1048576K
}
Event: 9123.814 GC heap after
{Heap after GC invocations=191 (full 0):
 garbage-first heap   total 390144K, used 296389K [0x0000000080000000, 0x0000000100000000)
  region size 1024K, 6 young (6144K), 6 survivors (6144K)
 Metaspace       used 165486K, capacity 169843K, committed 169932K, reserved 1198080K
  class space    used 19806K, capacity 21398K, committed 21452K, reserved 1048576K
}
Event: 9127.615 GC heap before
{Heap before GC invocations=191 (full 0):
 garbage-first heap   total 390144K, used 339397K [0x0000000080000000, 0x0000000100000000)
  region size 1024K, 49 young (50176K), 6 survivors (6144K)
 Metaspace       used 165577K, capacity 169986K, committed 170188K, reserved 1198080K
  class space    used 19813K, capacity 21402K, committed 21452K, reserved 1048576K
}
Event: 9127.654 GC heap after
{Heap after GC invocations=192 (full 0):
 garbage-first heap   total 390144K, used 300100K [0x0000000080000000, 0x0000000100000000)
  region size 1024K, 4 young (4096K), 4 survivors (4096K)
 Metaspace       used 165577K, capacity 169986K, committed 170188K, reserved 1198080K
  class space    used 19813K, capacity 21402K, committed 21452K, reserved 1048576K
}

