# JRE version: OpenJDK Runtime Environment (11.0.12+7) (build 11.0.12+7-b1504.28-7817840)
# Java VM: OpenJDK 64-Bit Server VM (11.0.12+7-b1504.28-7817840, mixed mode, tiered, compressed oops, g1 gc, windows-amd64)
Heap:
 garbage-first heap   total 757760K, used 274355K [0x0000000080000000, 0x0000000100000000)
  region size 1024K, 3 young (3072K), 3 survivors (3072K)
 Metaspace       used 159714K, capacity 164047K, committed 164376K, reserved 1191936K
  class space    used 19378K, capacity 20960K, committed 21068K, reserved 1048576K
GC Heap History (20 events):
Event: 5668.980 GC heap after
{Heap after GC invocations=131 (full 0):
 garbage-first heap   total 470016K, used 181508K [0x0000000080000000, 0x0000000100000000)
  region size 1024K, 2 young (2048K), 2 survivors (2048K)
 Metaspace       used 159123K, capacity 163420K, committed 163864K, reserved 1191936K
  class space    used 19360K, capacity 20938K, committed 21068K, reserved 1048576K
}
Event: 5670.772 GC heap before
{Heap before GC invocations=131 (full 0):
 garbage-first heap   total 470016K, used 400644K [0x0000000080000000, 0x0000000100000000)
  region size 1024K, 216 young (221184K), 2 survivors (2048K)
 Metaspace       used 159129K, capacity 163421K, committed 163864K, reserved 1191936K
  class space    used 19360K, capacity 20938K, committed 21068K, reserved 1048576K
}
Event: 5670.789 GC heap after
{Heap after GC invocations=132 (full 0):
 garbage-first heap   total 470016K, used 182502K [0x0000000080000000, 0x0000000100000000)
  region size 1024K, 3 young (3072K), 3 survivors (3072K)
 Metaspace       used 159129K, capacity 163421K, committed 163864K, reserved 1191936K
  class space    used 19360K, capacity 20938K, committed 21068K, reserved 1048576K
}
Event: 5672.390 GC heap before
{Heap before GC invocations=133 (full 0):
 garbage-first heap   total 470016K, used 403686K [0x0000000080000000, 0x0000000100000000)
  region size 1024K, 219 young (224256K), 3 survivors (3072K)
 Metaspace       used 159135K, capacity 163421K, committed 163864K, reserved 1191936K
  class space    used 19360K, capacity 20938K, committed 21068K, reserved 1048576K
}
Event: 5672.405 GC heap after
{Heap after GC invocations=134 (full 0):
 garbage-first heap   total 470016K, used 183587K [0x0000000080000000, 0x0000000100000000)
  region size 1024K, 4 young (4096K), 4 survivors (4096K)
 Metaspace       used 159135K, capacity 163421K, committed 163864K, reserved 1191936K
  class space    used 19360K, capacity 20938K, committed 21068K, reserved 1048576K
}
Event: 5672.508 GC heap before
{Heap before GC invocations=134 (full 0):
 garbage-first heap   total 470016K, used 202019K [0x0000000080000000, 0x0000000100000000)
  region size 1024K, 22 young (22528K), 4 survivors (4096K)
 Metaspace       used 159135K, capacity 163421K, committed 163864K, reserved 1191936K
  class space    used 19360K, capacity 20938K, committed 21068K, reserved 1048576K
}
Event: 5672.520 GC heap after
{Heap after GC invocations=135 (full 0):
 garbage-first heap   total 470016K, used 177456K [0x0000000080000000, 0x0000000100000000)
  region size 1024K, 2 young (2048K), 2 survivors (2048K)
 Metaspace       used 159135K, capacity 163421K, committed 163864K, reserved 1191936K
  class space    used 19360K, capacity 20938K, committed 21068K, reserved 1048576K
}
Event: 5673.109 GC heap before
{Heap before GC invocations=135 (full 0):
 garbage-first heap   total 470016K, used 261424K [0x0000000080000000, 0x0000000100000000)
  region size 1024K, 86 young (88064K), 2 survivors (2048K)
 Metaspace       used 159151K, capacity 163487K, committed 163864K, reserved 1191936K
  class space    used 19360K, capacity 20938K, committed 21068K, reserved 1048576K
}
Event: 5673.133 GC heap after
{Heap after GC invocations=136 (full 0):
 garbage-first heap   total 470016K, used 184228K [0x0000000080000000, 0x0000000100000000)
  region size 1024K, 9 young (9216K), 9 survivors (9216K)
 Metaspace       used 159151K, capacity 163487K, committed 163864K, reserved 1191936K
  class space    used 19360K, capacity 20938K, committed 21068K, reserved 1048576K
}
Event: 5675.424 GC heap before
{Heap before GC invocations=137 (full 0):
 garbage-first heap   total 470016K, used 433060K [0x0000000080000000, 0x0000000100000000)
  region size 1024K, 206 young (210944K), 9 survivors (9216K)
 Metaspace       used 159460K, capacity 163700K, committed 164120K, reserved 1191936K
  class space    used 19371K, capacity 20950K, committed 21068K, reserved 1048576K
}
Event: 5675.656 GC heap after
{Heap after GC invocations=138 (full 0):
 garbage-first heap   total 501760K, used 255941K [0x0000000080000000, 0x0000000100000000)
  region size 1024K, 26 young (26624K), 26 survivors (26624K)
 Metaspace       used 159460K, capacity 163700K, committed 164120K, reserved 1191936K
  class space    used 19371K, capacity 20950K, committed 21068K, reserved 1048576K
}
Event: 5675.722 GC heap before
{Heap before GC invocations=138 (full 0):
 garbage-first heap   total 501760K, used 256965K [0x0000000080000000, 0x0000000100000000)
  region size 1024K, 27 young (27648K), 26 survivors (26624K)
 Metaspace       used 159473K, capacity 163764K, committed 164120K, reserved 1191936K
  class space    used 19371K, capacity 20950K, committed 21068K, reserved 1048576K
}
Event: 5675.832 GC heap after
{Heap after GC invocations=139 (full 0):
 garbage-first heap   total 501760K, used 254976K [0x0000000080000000, 0x0000000100000000)
  region size 1024K, 2 young (2048K), 2 survivors (2048K)
 Metaspace       used 159473K, capacity 163764K, committed 164120K, reserved 1191936K
  class space    used 19371K, capacity 20950K, committed 21068K, reserved 1048576K
}
Event: 5676.594 GC heap before
{Heap before GC invocations=139 (full 0):
 garbage-first heap   total 501760K, used 324608K [0x0000000080000000, 0x0000000100000000)
  region size 1024K, 72 young (73728K), 2 survivors (2048K)
 Metaspace       used 159561K, capacity 163812K, committed 164120K, reserved 1191936K
  class space    used 19374K, capacity 20956K, committed 21068K, reserved 1048576K
}
Event: 5676.625 GC heap after
{Heap after GC invocations=140 (full 0):
 garbage-first heap   total 501760K, used 259532K [0x0000000080000000, 0x0000000100000000)
  region size 1024K, 7 young (7168K), 7 survivors (7168K)
 Metaspace       used 159561K, capacity 163812K, committed 164120K, reserved 1191936K
  class space    used 19374K, capacity 20956K, committed 21068K, reserved 1048576K
}
Event: 5679.247 GC heap before
{Heap before GC invocations=141 (full 0):
 garbage-first heap   total 501760K, used 413132K [0x0000000080000000, 0x0000000100000000)
  region size 1024K, 140 young (143360K), 7 survivors (7168K)
 Metaspace       used 159655K, capacity 163957K, committed 164376K, reserved 1191936K
  class space    used 19378K, capacity 20960K, committed 21068K, reserved 1048576K
}
Event: 5679.311 GC heap after
{Heap after GC invocations=142 (full 0):
 garbage-first heap   total 501760K, used 289428K [0x0000000080000000, 0x0000000100000000)
  region size 1024K, 18 young (18432K), 18 survivors (18432K)
 Metaspace       used 159655K, capacity 163957K, committed 164376K, reserved 1191936K
  class space    used 19378K, capacity 20960K, committed 21068K, reserved 1048576K
}
Event: 5679.328 GC heap before
{Heap before GC invocations=142 (full 0):
 garbage-first heap   total 501760K, used 295572K [0x0000000080000000, 0x0000000100000000)
  region size 1024K, 24 young (24576K), 18 survivors (18432K)
 Metaspace       used 159655K, capacity 163957K, committed 164376K, reserved 1191936K
  class space    used 19378K, capacity 20960K, committed 21068K, reserved 1048576K
}
Event: 5679.379 GC heap after
{Heap after GC invocations=143 (full 0):
 garbage-first heap   total 501760K, used 274176K [0x0000000080000000, 0x0000000100000000)
  region size 1024K, 2 young (2048K), 2 survivors (2048K)
 Metaspace       used 159655K, capacity 163957K, committed 164376K, reserved 1191936K
  class space    used 19378K, capacity 20960K, committed 21068K, reserved 1048576K
}
Event: 5679.468 GC heap before
{Heap before GC invocations=143 (full 0):
 garbage-first heap   total 501760K, used 278272K [0x0000000080000000, 0x0000000100000000)
  region size 1024K, 7 young (7168K), 2 survivors (2048K)
 Metaspace       used 159714K, capacity 164047K, committed 164376K, reserved 1191936K
  class space    used 19378K, capacity 20960K, committed 21068K, reserved 1048576K
}

