# JRE version: OpenJDK Runtime Environment (11.0.12+7) (build 11.0.12+7-b1504.28-7817840)
# Java VM: OpenJDK 64-Bit Server VM (11.0.12+7-b1504.28-7817840, mixed mode, tiered, compressed oops, g1 gc, windows-amd64)
Heap:
 garbage-first heap   total 270336K, used 204800K [0x0000000080000000, 0x0000000100000000)
  region size 1024K, 48 young (49152K), 9 survivors (9216K)
 Metaspace       used 144652K, capacity 148026K, committed 149920K, reserved 1179648K
  class space    used 17832K, capacity 19143K, committed 19480K, reserved 1048576K
GC Heap History (20 events):
Event: 5297.322 GC heap before
{Heap before GC invocations=54 (full 0):
 garbage-first heap   total 270336K, used 164841K [0x0000000080000000, 0x0000000100000000)
  region size 1024K, 27 young (27648K), 2 survivors (2048K)
 Metaspace       used 143767K, capacity 147164K, committed 147360K, reserved 1177600K
  class space    used 17800K, capacity 19134K, committed 19224K, reserved 1048576K
}
Event: 5297.353 GC heap after
{Heap after GC invocations=55 (full 0):
 garbage-first heap   total 270336K, used 143690K [0x0000000080000000, 0x0000000100000000)
  region size 1024K, 6 young (6144K), 6 survivors (6144K)
 Metaspace       used 143767K, capacity 147164K, committed 147360K, reserved 1177600K
  class space    used 17800K, capacity 19134K, committed 19224K, reserved 1048576K
}
Event: 7376.403 GC heap before
{Heap before GC invocations=56 (full 0):
 garbage-first heap   total 270336K, used 220490K [0x0000000080000000, 0x0000000100000000)
  region size 1024K, 74 young (75776K), 6 survivors (6144K)
 Metaspace       used 145807K, capacity 149250K, committed 149664K, reserved 1179648K
  class space    used 18034K, capacity 19359K, committed 19480K, reserved 1048576K
}
Event: 7376.502 GC heap after
{Heap after GC invocations=57 (full 0):
 garbage-first heap   total 270336K, used 139930K [0x0000000080000000, 0x0000000100000000)
  region size 1024K, 2 young (2048K), 2 survivors (2048K)
 Metaspace       used 145807K, capacity 149250K, committed 149664K, reserved 1179648K
  class space    used 18034K, capacity 19359K, committed 19480K, reserved 1048576K
}
Event: 8056.548 GC heap before
{Heap before GC invocations=57 (full 0):
 garbage-first heap   total 270336K, used 151194K [0x0000000080000000, 0x0000000100000000)
  region size 1024K, 13 young (13312K), 2 survivors (2048K)
 Metaspace       used 145808K, capacity 149250K, committed 149664K, reserved 1179648K
  class space    used 18034K, capacity 19359K, committed 19480K, reserved 1048576K
}
Event: 8056.657 GC heap after
{Heap after GC invocations=58 (full 0):
 garbage-first heap   total 270336K, used 138138K [0x0000000080000000, 0x0000000100000000)
  region size 1024K, 1 young (1024K), 1 survivors (1024K)
 Metaspace       used 145808K, capacity 149250K, committed 149664K, reserved 1179648K
  class space    used 18034K, capacity 19359K, committed 19480K, reserved 1048576K
}
Event: 8092.303 GC heap before
{Heap before GC invocations=58 (full 0):
 garbage-first heap   total 270336K, used 214938K [0x0000000080000000, 0x0000000100000000)
  region size 1024K, 77 young (78848K), 1 survivors (1024K)
 Metaspace       used 146357K, capacity 149869K, committed 149920K, reserved 1179648K
  class space    used 18079K, capacity 19437K, committed 19480K, reserved 1048576K
}
Event: 8092.344 GC heap after
{Heap after GC invocations=59 (full 0):
 garbage-first heap   total 270336K, used 144203K [0x0000000080000000, 0x0000000100000000)
  region size 1024K, 7 young (7168K), 7 survivors (7168K)
 Metaspace       used 146357K, capacity 149869K, committed 149920K, reserved 1179648K
  class space    used 18079K, capacity 19437K, committed 19480K, reserved 1048576K
}
Event: 8094.306 GC heap before
{Heap before GC invocations=60 (full 0):
 garbage-first heap   total 270336K, used 216854K [0x0000000080000000, 0x0000000100000000)
  region size 1024K, 80 young (81920K), 7 survivors (7168K)
 Metaspace       used 144027K, capacity 147465K, committed 149920K, reserved 1179648K
  class space    used 17770K, capacity 19079K, committed 19480K, reserved 1048576K
}
Event: 8094.335 GC heap after
{Heap after GC invocations=61 (full 0):
 garbage-first heap   total 270336K, used 143925K [0x0000000080000000, 0x0000000100000000)
  region size 1024K, 1 young (1024K), 1 survivors (1024K)
 Metaspace       used 144027K, capacity 147465K, committed 149920K, reserved 1179648K
  class space    used 17770K, capacity 19079K, committed 19480K, reserved 1048576K
}
Event: 8094.624 GC heap before
{Heap before GC invocations=61 (full 0):
 garbage-first heap   total 270336K, used 155189K [0x0000000080000000, 0x0000000100000000)
  region size 1024K, 13 young (13312K), 1 survivors (1024K)
 Metaspace       used 144058K, capacity 147493K, committed 149920K, reserved 1179648K
  class space    used 17777K, capacity 19087K, committed 19480K, reserved 1048576K
}
Event: 8094.654 GC heap after
{Heap after GC invocations=62 (full 0):
 garbage-first heap   total 270336K, used 137615K [0x0000000080000000, 0x0000000100000000)
  region size 1024K, 1 young (1024K), 1 survivors (1024K)
 Metaspace       used 144058K, capacity 147493K, committed 149920K, reserved 1179648K
  class space    used 17777K, capacity 19087K, committed 19480K, reserved 1048576K
}
Event: 8095.889 GC heap before
{Heap before GC invocations=62 (full 0):
 garbage-first heap   total 270336K, used 194959K [0x0000000080000000, 0x0000000100000000)
  region size 1024K, 58 young (59392K), 1 survivors (1024K)
 Metaspace       used 144077K, capacity 147505K, committed 149920K, reserved 1179648K
  class space    used 17779K, capacity 19090K, committed 19480K, reserved 1048576K
}
Event: 8095.896 GC heap after
{Heap after GC invocations=63 (full 0):
 garbage-first heap   total 270336K, used 137515K [0x0000000080000000, 0x0000000100000000)
  region size 1024K, 1 young (1024K), 1 survivors (1024K)
 Metaspace       used 144077K, capacity 147505K, committed 149920K, reserved 1179648K
  class space    used 17779K, capacity 19090K, committed 19480K, reserved 1048576K
}
Event: 8097.017 GC heap before
{Heap before GC invocations=64 (full 0):
 garbage-first heap   total 270336K, used 219435K [0x0000000080000000, 0x0000000100000000)
  region size 1024K, 80 young (81920K), 1 survivors (1024K)
 Metaspace       used 144251K, capacity 147660K, committed 149920K, reserved 1179648K
  class space    used 17781K, capacity 19100K, committed 19480K, reserved 1048576K
}
Event: 8097.053 GC heap after
{Heap after GC invocations=65 (full 0):
 garbage-first heap   total 270336K, used 158609K [0x0000000080000000, 0x0000000100000000)
  region size 1024K, 10 young (10240K), 10 survivors (10240K)
 Metaspace       used 144251K, capacity 147660K, committed 149920K, reserved 1179648K
  class space    used 17781K, capacity 19100K, committed 19480K, reserved 1048576K
}
Event: 8097.067 GC heap before
{Heap before GC invocations=65 (full 0):
 garbage-first heap   total 270336K, used 161681K [0x0000000080000000, 0x0000000100000000)
  region size 1024K, 13 young (13312K), 10 survivors (10240K)
 Metaspace       used 144252K, capacity 147660K, committed 149920K, reserved 1179648K
  class space    used 17781K, capacity 19100K, committed 19480K, reserved 1048576K
}
Event: 8097.117 GC heap after
{Heap after GC invocations=66 (full 0):
 garbage-first heap   total 270336K, used 150795K [0x0000000080000000, 0x0000000100000000)
  region size 1024K, 2 young (2048K), 2 survivors (2048K)
 Metaspace       used 144252K, capacity 147660K, committed 149920K, reserved 1179648K
  class space    used 17781K, capacity 19100K, committed 19480K, reserved 1048576K
}
Event: 8097.851 GC heap before
{Heap before GC invocations=66 (full 0):
 garbage-first heap   total 270336K, used 217355K [0x0000000080000000, 0x0000000100000000)
  region size 1024K, 67 young (68608K), 2 survivors (2048K)
 Metaspace       used 144639K, capacity 148023K, committed 149920K, reserved 1179648K
  class space    used 17832K, capacity 19143K, committed 19480K, reserved 1048576K
}
Event: 8097.901 GC heap after
{Heap after GC invocations=67 (full 0):
 garbage-first heap   total 270336K, used 165888K [0x0000000080000000, 0x0000000100000000)
  region size 1024K, 9 young (9216K), 9 survivors (9216K)
 Metaspace       used 144639K, capacity 148023K, committed 149920K, reserved 1179648K
  class space    used 17832K, capacity 19143K, committed 19480K, reserved 1048576K
}

